<?xml version="1.0" encoding="UTF-8"?>
<testsuite xmlns:xsi="http://www.w3.org/2001/XMLSchema-instance" xsi:noNamespaceSchemaLocation="https://maven.apache.org/surefire/maven-surefire-plugin/xsd/surefire-test-report-3.0.xsd" version="3.0" name="com.mycompany.app.AppTest" time="4.744" tests="2" errors="0" skipped="0" failures="0">
  <properties>
[...]
</properties>
  <testcase name="testGitHubRepoGetir" classname="com.mycompany.app.AppTest" time="4.349"/>
  <testcase name="testGitHubRepoBulunamadi" classname="com.mycompany.app.AppTest" time="0.377">
    <system-out><![CDATA[Beklenen hata yakalandi.
]]></system-out>
  </testcase>
</testsuite>